<?xml version="1.0" encoding="UTF-8"?>
<!-- Generated by org.testng.reporters.JUnitReportReporter -->
<testsuite hostname="PragManilas-MacBook.local" name="com.angloinfo.testcases.WebSignIn" tests="1" failures="0" timestamp="9 Mar 2016 12:04:36 GMT" time="104.192" errors="0">
  <testcase name="signInViaEmail" time="104.192" classname="com.angloinfo.testcases.WebSignIn"/>
</testsuite> <!-- com.angloinfo.testcases.WebSignIn -->
