<?xml version="1.0" encoding="UTF-8"?>
<!-- Generated by org.testng.reporters.JUnitReportReporter -->
<testsuite hostname="PragManilas-MacBook.local" name="com.angloinfo.testcases.APIRegister" tests="1" failures="0" timestamp="23 Mar 2016 14:16:32 GMT" time="4.820" errors="0">
  <testcase name="registerUserViaApi" time="4.820" classname="com.angloinfo.testcases.APIRegister"/>
</testsuite> <!-- com.angloinfo.testcases.APIRegister -->
