<?xml version="1.0" encoding="UTF-8"?>
<!-- Generated by org.testng.reporters.JUnitReportReporter -->
<testsuite hostname="PragManilas-MacBook.local" name="com.angloinfo.testcases.DirectoryModeration" tests="1" failures="0" timestamp="9 Mar 2016 12:04:36 GMT" time="7.774" errors="0">
  <testcase name="cmsLogin" time="7.774" classname="com.angloinfo.testcases.DirectoryModeration"/>
</testsuite> <!-- com.angloinfo.testcases.DirectoryModeration -->
