<?xml version="1.0" encoding="UTF-8"?>
<!-- Generated by org.testng.reporters.JUnitReportReporter -->
<testsuite hostname="PragManilas-MacBook.local" name="com.angloinfo.testcases.ApiRegister" tests="1" failures="0" timestamp="21 Mar 2016 11:03:09 GMT" time="4.907" errors="0">
  <testcase name="registerUserViaApi" time="4.907" classname="com.angloinfo.testcases.ApiRegister"/>
</testsuite> <!-- com.angloinfo.testcases.ApiRegister -->
