<?xml version="1.0" encoding="UTF-8"?>
<!-- Generated by org.testng.reporters.JUnitReportReporter -->
<testsuite hostname="PragManilas-MacBook.local" name="com.angloinfo.testcases.WebSign" tests="1" failures="0" timestamp="8 Mar 2016 17:41:24 GMT" time="18.256" errors="0">
  <testcase name="signInEmail" time="18.256" classname="com.angloinfo.testcases.WebSign"/>
</testsuite> <!-- com.angloinfo.testcases.WebSign -->
