<?xml version="1.0" encoding="UTF-8"?>
<!-- Generated by org.testng.reporters.JUnitReportReporter -->
<testsuite hostname="PragManilas-MacBook.local" name="com.angloinfo.testcases.ApiRegister" tests="40" failures="1" timestamp="10 Mar 2016 15:23:43 GMT" time="166.278" errors="0">
  <testcase name="registerUserViaApi" time="3.114" classname="com.angloinfo.testcases.ApiRegister"/>
  <testcase name="registerUserViaApi" time="4.109" classname="com.angloinfo.testcases.ApiRegister"/>
  <testcase name="registerUserViaApi" time="4.547" classname="com.angloinfo.testcases.ApiRegister"/>
  <testcase name="registerUserViaApi" time="2.965" classname="com.angloinfo.testcases.ApiRegister"/>
  <testcase name="registerUserViaApi" time="5.641" classname="com.angloinfo.testcases.ApiRegister"/>
  <testcase name="registerUserViaApi" time="4.583" classname="com.angloinfo.testcases.ApiRegister"/>
  <testcase name="registerUserViaApi" time="3.324" classname="com.angloinfo.testcases.ApiRegister">
    <failure type="java.lang.AssertionError" message="1 expectation failed.
Expected status code &lt;200&gt; doesn&#039;t match actual status code &lt;400&gt;.
">
      <![CDATA[java.lang.AssertionError: 1 expectation failed.
Expected status code <200> doesn't match actual status code <400>.

	at sun.reflect.NativeConstructorAccessorImpl.newInstance0(Native Method)
	at sun.reflect.NativeConstructorAccessorImpl.newInstance(NativeConstructorAccessorImpl.java:62)
	at sun.reflect.DelegatingConstructorAccessorImpl.newInstance(DelegatingConstructorAccessorImpl.java:45)
	at java.lang.reflect.Constructor.newInstance(Constructor.java:422)
	at org.codehaus.groovy.reflection.CachedConstructor.invoke(CachedConstructor.java:80)
	at org.codehaus.groovy.reflection.CachedConstructor.doConstructorInvoke(CachedConstructor.java:74)
	at org.codehaus.groovy.runtime.callsite.ConstructorSite$ConstructorSiteNoUnwrap.callConstructor(ConstructorSite.java:84)
	at org.codehaus.groovy.runtime.callsite.CallSiteArray.defaultCallConstructor(CallSiteArray.java:60)
	at org.codehaus.groovy.runtime.callsite.AbstractCallSite.callConstructor(AbstractCallSite.java:235)
	at org.codehaus.groovy.runtime.callsite.AbstractCallSite.callConstructor(AbstractCallSite.java:247)
	at com.jayway.restassured.internal.ResponseSpecificationImpl$HamcrestAssertionClosure.validate(ResponseSpecificationImpl.groovy:598)
	at com.jayway.restassured.internal.ResponseSpecificationImpl$HamcrestAssertionClosure$validate$1.call(Unknown Source)
	at com.jayway.restassured.internal.ResponseSpecificationImpl.validateResponseIfRequired(ResponseSpecificationImpl.groovy:760)
	at sun.reflect.GeneratedMethodAccessor242.invoke(Unknown Source)
	at sun.reflect.DelegatingMethodAccessorImpl.invoke(DelegatingMethodAccessorImpl.java:43)
	at java.lang.reflect.Method.invoke(Method.java:497)
	at org.codehaus.groovy.runtime.callsite.PogoMetaMethodSite$PogoCachedMethodSiteNoUnwrapNoCoerce.invoke(PogoMetaMethodSite.java:210)
	at org.codehaus.groovy.runtime.callsite.PogoMetaMethodSite.callCurrent(PogoMetaMethodSite.java:59)
	at org.codehaus.groovy.runtime.callsite.AbstractCallSite.callCurrent(AbstractCallSite.java:166)
	at com.jayway.restassured.internal.ResponseSpecificationImpl.statusCode(ResponseSpecificationImpl.groovy:120)
	at com.jayway.restassured.specification.ResponseSpecification$statusCode$0.callCurrent(Unknown Source)
	at com.jayway.restassured.internal.ResponseSpecificationImpl.statusCode(ResponseSpecificationImpl.groovy:128)
	at com.jayway.restassured.internal.ValidatableResponseOptionsImpl.statusCode(ValidatableResponseOptionsImpl.java:117)
	at com.angloinfo.testcases.ApiRegister.registerUserViaApi(ApiRegister.java:38)
	at sun.reflect.GeneratedMethodAccessor8.invoke(Unknown Source)
	at sun.reflect.DelegatingMethodAccessorImpl.invoke(DelegatingMethodAccessorImpl.java:43)
	at java.lang.reflect.Method.invoke(Method.java:497)
	at org.testng.internal.MethodInvocationHelper.invokeMethod(MethodInvocationHelper.java:86)
	at org.testng.internal.InvokeMethodRunnable.runOne(InvokeMethodRunnable.java:54)
	at org.testng.internal.InvokeMethodRunnable.run(InvokeMethodRunnable.java:44)
	at org.testng.internal.MethodInvocationHelper.invokeWithTimeoutWithNoExecutor(MethodInvocationHelper.java:243)
	at org.testng.internal.MethodInvocationHelper.invokeWithTimeout(MethodInvocationHelper.java:232)
	at org.testng.internal.Invoker.invokeMethod(Invoker.java:651)
	at org.testng.internal.Invoker.invokeTestMethod(Invoker.java:822)
	at org.testng.internal.Invoker.invokeTestMethods(Invoker.java:1130)
	at org.testng.internal.TestMethodWorker.invokeTestMethods(TestMethodWorker.java:129)
	at org.testng.internal.TestMethodWorker.run(TestMethodWorker.java:112)
	at org.testng.internal.thread.ThreadUtil$2.call(ThreadUtil.java:64)
	at java.util.concurrent.FutureTask.run(FutureTask.java:266)
	at java.util.concurrent.ThreadPoolExecutor.runWorker(ThreadPoolExecutor.java:1142)
	at java.util.concurrent.ThreadPoolExecutor$Worker.run(ThreadPoolExecutor.java:617)
	at java.lang.Thread.run(Thread.java:745)
]]>
    </failure>
  </testcase> <!-- registerUserViaApi -->
  <testcase name="registerUserViaApi" time="4.466" classname="com.angloinfo.testcases.ApiRegister"/>
  <testcase name="registerUserViaApi" time="4.485" classname="com.angloinfo.testcases.ApiRegister"/>
  <testcase name="registerUserViaApi" time="2.682" classname="com.angloinfo.testcases.ApiRegister"/>
  <testcase name="registerUserViaApi" time="9.992" classname="com.angloinfo.testcases.ApiRegister"/>
  <testcase name="registerUserViaApi" time="3.395" classname="com.angloinfo.testcases.ApiRegister"/>
  <testcase name="registerUserViaApi" time="4.425" classname="com.angloinfo.testcases.ApiRegister"/>
  <testcase name="registerUserViaApi" time="4.596" classname="com.angloinfo.testcases.ApiRegister"/>
  <testcase name="registerUserViaApi" time="2.401" classname="com.angloinfo.testcases.ApiRegister"/>
  <testcase name="registerUserViaApi" time="4.614" classname="com.angloinfo.testcases.ApiRegister"/>
  <testcase name="registerUserViaApi" time="2.710" classname="com.angloinfo.testcases.ApiRegister"/>
  <testcase name="registerUserViaApi" time="2.728" classname="com.angloinfo.testcases.ApiRegister"/>
  <testcase name="registerUserViaApi" time="3.029" classname="com.angloinfo.testcases.ApiRegister"/>
  <testcase name="registerUserViaApi" time="9.773" classname="com.angloinfo.testcases.ApiRegister"/>
  <testcase name="registerUserViaApi" time="4.535" classname="com.angloinfo.testcases.ApiRegister"/>
  <testcase name="registerUserViaApi" time="4.508" classname="com.angloinfo.testcases.ApiRegister"/>
  <testcase name="registerUserViaApi" time="3.091" classname="com.angloinfo.testcases.ApiRegister"/>
  <testcase name="registerUserViaApi" time="2.803" classname="com.angloinfo.testcases.ApiRegister"/>
  <testcase name="registerUserViaApi" time="3.093" classname="com.angloinfo.testcases.ApiRegister"/>
  <testcase name="registerUserViaApi" time="2.981" classname="com.angloinfo.testcases.ApiRegister"/>
  <testcase name="registerUserViaApi" time="3.009" classname="com.angloinfo.testcases.ApiRegister"/>
  <testcase name="registerUserViaApi" time="2.967" classname="com.angloinfo.testcases.ApiRegister"/>
  <testcase name="registerUserViaApi" time="2.909" classname="com.angloinfo.testcases.ApiRegister"/>
  <testcase name="registerUserViaApi" time="4.379" classname="com.angloinfo.testcases.ApiRegister"/>
  <testcase name="registerUserViaApi" time="4.507" classname="com.angloinfo.testcases.ApiRegister"/>
  <testcase name="registerUserViaApi" time="2.907" classname="com.angloinfo.testcases.ApiRegister"/>
  <testcase name="registerUserViaApi" time="2.798" classname="com.angloinfo.testcases.ApiRegister"/>
  <testcase name="registerUserViaApi" time="4.461" classname="com.angloinfo.testcases.ApiRegister"/>
  <testcase name="registerUserViaApi" time="4.746" classname="com.angloinfo.testcases.ApiRegister"/>
  <testcase name="registerUserViaApi" time="4.490" classname="com.angloinfo.testcases.ApiRegister"/>
  <testcase name="registerUserViaApi" time="6.811" classname="com.angloinfo.testcases.ApiRegister"/>
  <testcase name="registerUserViaApi" time="4.552" classname="com.angloinfo.testcases.ApiRegister"/>
  <testcase name="registerUserViaApi" time="4.573" classname="com.angloinfo.testcases.ApiRegister"/>
  <testcase name="registerUserViaApi" time="4.579" classname="com.angloinfo.testcases.ApiRegister"/>
</testsuite> <!-- com.angloinfo.testcases.ApiRegister -->
