<?xml version="1.0" encoding="UTF-8"?>
<!-- Generated by org.testng.reporters.JUnitReportReporter -->
<testsuite hostname="PragManilas-MacBook.local" name="com.angloinfo.testcases.GUIAddDirectoryViaCMS" tests="1" failures="0" timestamp="23 Mar 2016 14:16:32 GMT" time="33.466" errors="0">
  <testcase name="addDirectoryViaCMS" time="33.466" classname="com.angloinfo.testcases.GUIAddDirectoryViaCMS"/>
</testsuite> <!-- com.angloinfo.testcases.GUIAddDirectoryViaCMS -->
