<?xml version="1.0" encoding="UTF-8"?>
<!-- Generated by org.testng.reporters.JUnitReportReporter -->
<testsuite hostname="PragManilas-MacBook.local" name="com.angloinfo.testcases.WebSignIn" tests="1" failures="0" timestamp="9 Mar 2016 13:40:28 GMT" time="48.201" errors="0">
  <testcase name="signInViaEmail" time="48.201" classname="com.angloinfo.testcases.WebSignIn"/>
</testsuite> <!-- com.angloinfo.testcases.WebSignIn -->
