<?xml version="1.0" encoding="UTF-8"?>
<!-- Generated by org.testng.reporters.JUnitReportReporter -->
<testsuite hostname="PragManilas-MacBook.local" name="com.angloinfo.testcases.TestSuiteA" tests="1" failures="0" timestamp="30 Mar 2016 13:54:06 GMT" time="4.456" errors="0">
  <testcase name="testCheckEmail" time="4.456" classname="com.angloinfo.testcases.TestSuiteA"/>
</testsuite> <!-- com.angloinfo.testcases.TestSuiteA -->
