<?xml version="1.0" encoding="UTF-8"?>
<!-- Generated by org.testng.reporters.JUnitReportReporter -->
<testsuite hostname="PragManilas-MacBook.local" name="com.angloinfo.testcases.GUITestSuite" tests="3" failures="0" timestamp="24 Mar 2016 13:43:48 GMT" time="91.462" errors="0">
  <testcase name="signInViaEmail" time="50.897" classname="com.angloinfo.testcases.GUITestSuite"/>
  <testcase name="testLocationSwitcher" time="12.449" classname="com.angloinfo.testcases.GUITestSuite"/>
  <testcase name="addDirectoryViaCMS" time="28.116" classname="com.angloinfo.testcases.GUITestSuite"/>
</testsuite> <!-- com.angloinfo.testcases.GUITestSuite -->
