<?xml version="1.0" encoding="UTF-8"?>
<!-- Generated by org.testng.reporters.JUnitReportReporter -->
<testsuite hostname="PragManilas-MacBook.local" name="com.angloinfo.testcases.GUIAddDirectory" tests="1" failures="0" timestamp="21 Mar 2016 11:03:09 GMT" time="40.674" errors="0">
  <testcase name="addDirectoryViaCMS" time="40.674" classname="com.angloinfo.testcases.GUIAddDirectory"/>
</testsuite> <!-- com.angloinfo.testcases.GUIAddDirectory -->
