<?xml version="1.0" encoding="UTF-8"?>
<!-- Generated by org.testng.reporters.JUnitReportReporter -->
<testsuite hostname="PragManilas-MacBook.local" name="com.angloinfo.testcases.ApiRegister" tests="40" failures="0" timestamp="21 Mar 2016 08:12:59 GMT" time="471.018" errors="0">
  <testcase name="registerUserViaApi" time="12.995" classname="com.angloinfo.testcases.ApiRegister"/>
  <testcase name="registerUserViaApi" time="11.589" classname="com.angloinfo.testcases.ApiRegister"/>
  <testcase name="registerUserViaApi" time="12.894" classname="com.angloinfo.testcases.ApiRegister"/>
  <testcase name="registerUserViaApi" time="13.012" classname="com.angloinfo.testcases.ApiRegister"/>
  <testcase name="registerUserViaApi" time="10.888" classname="com.angloinfo.testcases.ApiRegister"/>
  <testcase name="registerUserViaApi" time="12.142" classname="com.angloinfo.testcases.ApiRegister"/>
  <testcase name="registerUserViaApi" time="12.656" classname="com.angloinfo.testcases.ApiRegister"/>
  <testcase name="registerUserViaApi" time="13.162" classname="com.angloinfo.testcases.ApiRegister"/>
  <testcase name="registerUserViaApi" time="11.078" classname="com.angloinfo.testcases.ApiRegister"/>
  <testcase name="registerUserViaApi" time="12.972" classname="com.angloinfo.testcases.ApiRegister"/>
  <testcase name="registerUserViaApi" time="13.040" classname="com.angloinfo.testcases.ApiRegister"/>
  <testcase name="registerUserViaApi" time="7.589" classname="com.angloinfo.testcases.ApiRegister"/>
  <testcase name="registerUserViaApi" time="12.933" classname="com.angloinfo.testcases.ApiRegister"/>
  <testcase name="registerUserViaApi" time="12.872" classname="com.angloinfo.testcases.ApiRegister"/>
  <testcase name="registerUserViaApi" time="12.878" classname="com.angloinfo.testcases.ApiRegister"/>
  <testcase name="registerUserViaApi" time="11.890" classname="com.angloinfo.testcases.ApiRegister"/>
  <testcase name="registerUserViaApi" time="11.360" classname="com.angloinfo.testcases.ApiRegister"/>
  <testcase name="registerUserViaApi" time="11.424" classname="com.angloinfo.testcases.ApiRegister"/>
  <testcase name="registerUserViaApi" time="10.933" classname="com.angloinfo.testcases.ApiRegister"/>
  <testcase name="registerUserViaApi" time="12.638" classname="com.angloinfo.testcases.ApiRegister"/>
  <testcase name="registerUserViaApi" time="7.608" classname="com.angloinfo.testcases.ApiRegister"/>
  <testcase name="registerUserViaApi" time="11.416" classname="com.angloinfo.testcases.ApiRegister"/>
  <testcase name="registerUserViaApi" time="12.802" classname="com.angloinfo.testcases.ApiRegister"/>
  <testcase name="registerUserViaApi" time="12.717" classname="com.angloinfo.testcases.ApiRegister"/>
  <testcase name="registerUserViaApi" time="12.787" classname="com.angloinfo.testcases.ApiRegister"/>
  <testcase name="registerUserViaApi" time="13.009" classname="com.angloinfo.testcases.ApiRegister"/>
  <testcase name="registerUserViaApi" time="12.803" classname="com.angloinfo.testcases.ApiRegister"/>
  <testcase name="registerUserViaApi" time="11.982" classname="com.angloinfo.testcases.ApiRegister"/>
  <testcase name="registerUserViaApi" time="7.577" classname="com.angloinfo.testcases.ApiRegister"/>
  <testcase name="registerUserViaApi" time="12.003" classname="com.angloinfo.testcases.ApiRegister"/>
  <testcase name="registerUserViaApi" time="10.876" classname="com.angloinfo.testcases.ApiRegister"/>
  <testcase name="registerUserViaApi" time="12.425" classname="com.angloinfo.testcases.ApiRegister"/>
  <testcase name="registerUserViaApi" time="11.175" classname="com.angloinfo.testcases.ApiRegister"/>
  <testcase name="registerUserViaApi" time="11.090" classname="com.angloinfo.testcases.ApiRegister"/>
  <testcase name="registerUserViaApi" time="7.575" classname="com.angloinfo.testcases.ApiRegister"/>
  <testcase name="registerUserViaApi" time="12.209" classname="com.angloinfo.testcases.ApiRegister"/>
  <testcase name="registerUserViaApi" time="12.461" classname="com.angloinfo.testcases.ApiRegister"/>
  <testcase name="registerUserViaApi" time="12.275" classname="com.angloinfo.testcases.ApiRegister"/>
  <testcase name="registerUserViaApi" time="12.423" classname="com.angloinfo.testcases.ApiRegister"/>
  <testcase name="registerUserViaApi" time="12.860" classname="com.angloinfo.testcases.ApiRegister"/>
</testsuite> <!-- com.angloinfo.testcases.ApiRegister -->
