<?xml version="1.0" encoding="UTF-8"?>
<!-- Generated by org.testng.reporters.JUnitReportReporter -->
<testsuite hostname="PragManilas-MacBook.local" name="com.angloinfo.testcases.DirectoryModeration" tests="1" failures="0" timestamp="21 Mar 2016 08:12:59 GMT" time="49.889" errors="0">
  <testcase name="addDirectoryViaCMS" time="49.889" classname="com.angloinfo.testcases.DirectoryModeration"/>
</testsuite> <!-- com.angloinfo.testcases.DirectoryModeration -->
