<?xml version="1.0" encoding="UTF-8"?>
<!-- Generated by org.testng.reporters.JUnitReportReporter -->
<testsuite hostname="PragManilas-MacBook.local" name="com.angloinfo.testcases.DirectoryModeration" tests="1" failures="0" timestamp="10 Mar 2016 08:41:58 GMT" time="10.092" errors="0">
  <testcase name="cmsDirectoryModeration" time="10.092" classname="com.angloinfo.testcases.DirectoryModeration"/>
</testsuite> <!-- com.angloinfo.testcases.DirectoryModeration -->
