<?xml version="1.0" encoding="UTF-8"?>
<!-- Generated by org.testng.reporters.JUnitReportReporter -->
<testsuite hostname="PragManilas-MacBook.local" name="com.angloinfo.testcases.DirectoryModeration" tests="1" failures="0" timestamp="16 Mar 2016 16:27:50 GMT" time="31.924" errors="0">
  <testcase name="addDirectoryViaCMS" time="31.924" classname="com.angloinfo.testcases.DirectoryModeration"/>
</testsuite> <!-- com.angloinfo.testcases.DirectoryModeration -->
