<?xml version="1.0" encoding="UTF-8"?>
<!-- Generated by org.testng.reporters.JUnitReportReporter -->
<testsuite hostname="PragManilas-MacBook.local" name="com.angloinfo.testcases.ApiRegister" tests="1" failures="0" timestamp="8 Mar 2016 17:47:08 GMT" time="3.565" errors="0">
  <testcase name="registerUserViaApi" time="3.565" classname="com.angloinfo.testcases.ApiRegister"/>
</testsuite> <!-- com.angloinfo.testcases.ApiRegister -->
