<?xml version="1.0" encoding="UTF-8"?>
<!-- Generated by org.testng.reporters.JUnitReportReporter -->
<testsuite hostname="PragManilas-MacBook.local" name="com.angloinfo.testcases.WebSignIn" tests="1" failures="0" timestamp="21 Mar 2016 08:12:59 GMT" time="74.770" errors="0">
  <testcase name="signInViaEmail" time="74.770" classname="com.angloinfo.testcases.WebSignIn"/>
</testsuite> <!-- com.angloinfo.testcases.WebSignIn -->
