<?xml version="1.0" encoding="UTF-8"?>
<!-- Generated by org.testng.reporters.JUnitReportReporter -->
<testsuite hostname="PragManilas-MacBook.local" name="com.angloinfo.testcases.GUIWebSignIn" tests="1" failures="0" timestamp="23 Mar 2016 14:16:32 GMT" time="51.803" errors="0">
  <testcase name="signInViaEmail" time="51.803" classname="com.angloinfo.testcases.GUIWebSignIn"/>
</testsuite> <!-- com.angloinfo.testcases.GUIWebSignIn -->
