<?xml version="1.0" encoding="UTF-8"?>
<!-- Generated by org.testng.reporters.JUnitReportReporter -->
<testsuite hostname="PragManilas-MacBook.local" name="com.angloinfo.testcases.SugarOrder" tests="2" failures="0" timestamp="21 Mar 2016 08:12:59 GMT" time="0.000" errors="0">
  <testcase name="f" time="0.000" classname="com.angloinfo.testcases.SugarOrder"/>
  <testcase name="f" time="0.000" classname="com.angloinfo.testcases.SugarOrder"/>
</testsuite> <!-- com.angloinfo.testcases.SugarOrder -->
