<?xml version="1.0" encoding="UTF-8"?>
<!-- Generated by org.testng.reporters.JUnitReportReporter -->
<testsuite hostname="PragManilas-MacBook.local" name="com.angloinfo.testcases.WebSignIn" tests="1" failures="0" timestamp="11 Mar 2016 09:02:15 GMT" time="48.601" errors="0">
  <testcase name="signInViaEmail" time="48.601" classname="com.angloinfo.testcases.WebSignIn"/>
</testsuite> <!-- com.angloinfo.testcases.WebSignIn -->
